<?xml version="1.0" encoding="UTF-8"?>
<!-- Generated by org.testng.reporters.JUnitXMLReporter -->
<testsuite ignored="0" hostname="SHILPA-PC" failures="0" tests="1" name="Test" time="0.08" errors="0" timestamp="2021-08-23T13:18:02 IST">
  <testcase classname="Generics.BaseClassTest" name="@BeforeClass launch_Browser" time="-1.629704882645E9">
    <failure type="org.testng.TestNGException" message="
Parameter &amp;apos;Browser&amp;apos; is required by BeforeClass on method launch_Browser but has not been marked @Optional or defined
in D:\eclipse-workspace\SDET-19\testng.xml">
      <![CDATA[org.testng.TestNGException: 
Parameter 'Browser' is required by BeforeClass on method launch_Browser but has not been marked @Optional or defined
in D:\eclipse-workspace\SDET-19\testng.xml
at java.base/java.util.ArrayList.forEach(ArrayList.java:1511)
... Removed 22 stack frames]]>
    </failure>
  </testcase> <!-- @BeforeClass launch_Browser -->
  <testcase classname="Generics.BaseClassTest" name="@AfterMethod CloseApp" time="-1.62970488269E9">
    <skipped/>
  </testcase> <!-- @AfterMethod CloseApp -->
  <testcase classname="TestScript.TC_45Test" name="loginPage" time="0.0">
    <skipped/>
  </testcase> <!-- loginPage -->
</testsuite> <!-- Test -->
